9653059
9653060
9653061
9653062
9653063
9653064
9653065
9653066
9653067
9653068
9653069
9653070
9653071
9653072
9653073
9653074
9653075
9653076
9653077
9653078
9653079
9653080
9653081
9653082
9653083
9653084
9653085
9653086
9653087
9653088
9653089
9653090
9653091
9653092
9653093
9653094
9653095
9653096
9653097
9653098
9653099
9653100
9653101
9653102
9653103
9653104
9653105
9653106
9653107
9653108
9653109
9653110
9653111
9653112
9653113
9653114
9653115
9653116
9653117
9653118
9653119
9653120
9653121
9653122
9653123
9653124
9653125
9653126
9653127
9653128
9653129
9653130
9653131
9653132
9653133
9653134
9653135
9653136
9653137
9653138
9653139
9653140
9653141
9653142
9653143
9653144
9653145
9653146
9653147
9653148
9653149
9653150
9653151
9653152
9653153
9653154
9653155
9653156
9653157
9653158
9653159
9653160
9653161
9653162
9653163
9653164
9653165
9653166
9653167
9653168
9653169
9653170
9653171
9653172
9653173
9653174
9653175
9653176
9653177
9653178
9653179
9653180
9653181
9653182
9653183
9653184
9653185
9653186
9653187
9653188
9653189
9653190
9653191
9653192
9653193
9653194
9653195
9653196
9653197
9653198
9653199
9653200
9653201
9653202
9653203
9653204
9653205
9653206
9653207
9653208
9653209
9653210
9653211
9653212
9653213
9653214
9653215
9653216
9653217
9653218
9653219
9653220
9653221
9653222
9653223
9653224
9653225
9653226
9653227
9653228
9653229
9653230
9653231
9653232
9653233
9653234
9653235
9653236
9653237
9653238
9653239
9653240
9653241
9653242
9653243
9653244
9653245
9653246
9653247
9653248
9653249
9653250
9653251
9653252
9653253
9653254
9653255
9653256
9653257
9653258
9653259
9653260
9653261
9653262
9653263
9653264
9653265
9653266
9653267
9653268
9653269
9653270
9653271
9653272
9653273
9653274
9653275
9653276
9653277
9653278
9653279
9653280
9653281
9653282
9653283
9653284
9653285
9653286
9653287
9653288
9653289
9653290
9653291
9653292
9653293
9653294
9653295
9653296
9653297
9653298
9653299
9653300
9653301
9653302
9653303
9653304
9653305
9653306
9653307
9653308
9653309
9653310
9653311
9653312
9653313
9653314
9653315
9653316
9653317
9653318
9653319
9653320
9653321
9653322
9653323
9653324
9653325
9653326
9653327
9653328
9653329
9653330
9653331
9653332
9653333
9653334
9653335
9653336
9653337
9653338
9653339
9653340
9653341
9653342
9653343
9653344
9653345
9653346
9653347
9653348
9653349
9653350
9653351
9653352
9653353
9653354
9653355
9653356
9653357
9653358
9653359
9653360
9653361
9653362
9653363
9653364
9653365
9653366
9653367
9653368
9653369
9653370
9653371
9653372
9653373
9653374
9653375
9653376
9653377
9653378
9653379
9653380
9653381
9653382
9653383
9653384
9653385
9653386
9653387
9653388
9653389
9653390
9653391
9653392
9653393
9653394
9653395
9653396
9653397
9653398
9653399
9653400
9653401
9653402
9653403
9653404
9653405
9653406
9653407
9653408
9653409
9653410
9653411
9653412
9653413
9653414
9653415
9653416
9653417
9653418
9653419
9653420
9653421
9653422
9653423
9653424
9653425
9653426
9653427
9653428
9653429
9653430
9653431
9653432
9653433
9653434
9653435
9653436
9653437
9653438
9653439
9653440
9653441
9653442
9653443
9653444
9653445
9653446
9653447
9653448
9653449
9653450
9653451
9653452
9653453
9653454
9653455
9653456
9653457
9653458
9653459
9653460
9653461
9653462
9653463
9653464
9653465
9653466
9653467
9653468
9653469
9653470
9653471
9653472
9653473
9653474
9653475
9653476
9653477
9653478
9653479
9653480
9653481
9653482
9653483
9653484
9653485
9653486
9653487
9653488
9653489
9653490
9653491
9653492
9653493
9653494
9653495
9653496
9653497
9653498
9653499
9653500
9653501
9653502
9653503
9653504
9653505
9653506
9653507
9653508
9653509
9653510
9653511
9653512
9653513
9653514
9653515
9653516
9653517
9653518
9653519
9653520
9653521
9653522
9653523
9653524
9653525
9653526
9653527
9653528
9653529
9653530
9653531
9653532
9653533
9653534
9653535
9653536
9653537
9653538
9653539
9653540
9653541
9653542
9653543
9653544
9653545
9653546
9653547
9653548
9653549
9653550
9653551
9653552
9653553
9653554
9653555
9653556
9653557
9653558
9653559
9653560
9653561
9653562
9653563
9653564
9653565
9653566
9653567
9653568
9653569
9653570
9653571
9653572
9653573
9653574
9653575
9653576
9653577
9653578
9653579
9653580
9653581
9653582
9653583
9653584
9653585
9653586
9653587
9653588
9653589
9653590
9653591
9653592
9653593
9653594
9653595
9653596
9653597
9653598
9653599
9653600
9653601
9653602
9653603
9653604
9653605
9653606
9653607
9653608
9653609
9653610
9653611
9653612
9653613
9653614
9653615
9653616
9653617
9653618
9653619
9653620
9653621
9653622
9653623
9653624
9653625
9653626
9653627
9653628
9653629
9653630
9653631
9653632
9653633
9653634
9653635
9653636
9653637
9653638
9653639
9653640
9653641
9653642
9653643
9653644
9653645
9653646
9653647
9653648
9653649
9653650
9653651
9653652
9653653
9653654
9653655
9653656
9653657
9653658
9653659
9653660
9653661
9653662
9653663
9653664
9653665
9653666
9653667
9653668
9653669
9653670
9653671
9653672
9653673
9653674
9653675
9653676
9653677
9653678
9653679
9653680
9653681
9653682
9653683
9653684
9653685
9653686
9653687
9653688
9653689
9653690
9653691
9653692
9653693
9653694
9653695
9653696
9653697
9653698
9653699
9653700
9653701
9653702
9653703
9653704
9653705
9653706
9653707
9653708
9653709
9653710
9653711
9653712
9653713
9653714
9653715
9653716
9653717
9653718
9653719
9653720
9653721
9653722
9653723
9653724
9653725
9653726
9653727
9653728
9653729
9653730
9653731
9653732
9653733
9653734
9653735
9653736
9653737
9653738
9653739
9653740
9653741
9653742
9653743
9653744
9653745
9653746
9653747
9653748
9653749
9653750
9653751
9653752
9653753
9653754
9653755
9653756
9653757
9653758
9653759
9653760
9653761
9653762
9653763
9653764
9653765
9653766
9653767
9653768
9653769
9653770
9653771
9653772
9653773
9653774
9653775
9653776
9653777
9653778
9653779
9653780
9653781
9653782
9653783
9653784
9653785
9653786
9653787
9653788
9653789
9653790
9653791
9653792
9653793
9653794
9653795
9653796
9653797
9653798
9653799
9653800
9653801
9653802
9653803
9653804
9653805
9653806
9653807
9653808
9653809
9653810
9653811
9653812
9653813
9653814
9653815
9653816
9653817
9653818
9653819
9653820
9653821
9653822
9653823
9653824
9653825
9653826
9653827
9653828
9653829
9653830
9653831
9653832
9653833
9653834
9653835
9653836
9653837
9653838
9653839
9653840
9653841
9653842
9653843
9653844
9653845
9653846
9653847
9653848
9653849
9653850
9653851
9653852
9653853
9653854
9653855
9653856
9653857
9653858
9653859
9653860
9653861
9653862
9653863
9653864
9653865
9653866
9653867
9653868
9653869
9653870
9653871
9653872
9653873
9653874
9653875
9653876
9653877
9653878
9653879
9653880
9653881
9653882
9653883
9653884
9653885
9653886
9653887
9653888
9653889
9653890
9653891
9653892
9653893
9653894
9653895
9653896
9653897
9653898
9653899
9653900
9653901
9653902
9653903
9653904
9653905
9653906
9653907
9653908
9653909
9653910
9653911
9653912
9653913
9653914
9653915
9653916
9653917
9653918
9653919
9653920
9653921
9653922
9653923
9653924
9653925
9653926
9653927
9653928
9653929
9653930
9653931
9653932
9653933
9653934
9653935
9653936
9653937
9653938
9653939
9653940
9653941
9653942
9653943
9653944
9653945
9653946
9653947
9653948
9653949
9653950
9653951
9653952
9653953
9653954
9653955
9653956
9653957
9653958
9653959
9653960
9653961
9653962
9653963
9653964
9653965
9653966
9653967
9653968
9653969
9653970
9653971
9653972
9653973
9653974
9653975
9653976
9653977
9653978
9653979
9653980
9653981
9653982
9653983
9653984
9653985
9653986
9653987
9653988
9653989
9653990
9653991
9653992
9653993
9653994
9653995
9653996
9653997
9653998
9653999
9654000
9654001
9654002
9654003
9654004
9654005
9654006
9654007
9654008
9654009
9654010
9654011
9654012
9654013
9654014
9654015
9654016
9654017
9654018
9654019
9654020
9654021
9654022
9654023
9654024
9654025
9654026
9654027
9654028
9654029
9654030
9654031
9654032
9654033
9654034
9654035
9654036
9654037
9654038
9654039
9654040
9654041
9654042
9654043
9654044
9654045
9654046
9654047
9654048
9654049
9654050
9654051
9654052
9654053
9654054
9654055
9654056
9654057
9654058
9654059
9654060
9654061
9654062
9654063
9654064
9654065
9654066
9654067
9654068
9654069
9654070
9654071
9654072
9654073
9654074
9654075
9654076
9654077
9654078
9654079
9654080
9654081
9654082
9654083
9654084
9654085
9654086
9654087
9654088
9654089
9654090
9654091
9654092
9654093
9654094
9654095
9654096
9654097
9654098
9654099
9654100
9654101
9654102
9654103
9654104
9654105
9654106
9654107
9654108
9654109
9654110
9654111
9654112
9654113
9654114
9654115
9654116
9654117
9654118
9654119
9654120
9654121
9654122
9654123
9654124
9654125
9654126
9654127
9654128
9654129
9654130
9654131
9654132
9654133
9654134
9654135
9654136
9654137
9654138
9654139
9654140
9654141
9654142
9654143
9654144
9654145
9654146
9654147
9654148
9654149
9654150
9654151
9654152
9654153
9654154
9654155
9654156
9654157
9654158
9654159
9654160
9654161
9654162
9654163
9654164
9654165
9654166
9654167
9654168
9654169
9654170
9654171
9654172
9654173
9654174
9654175
9654176
9654177
9654178
9654179
9654180
9654181
9654182
9654183
9654184
9654185
9654186
9654187
9654188
9654189
9654190
9654191
9654192
9654193
9654194
9654195
9654196
9654197
9654198
9654199
9654200
9654201
9654202
9654203
9654204
9654205
9654206
9654207
9654208
9654209
9654210
9654211
9654212
9654213
9654214
9654215
9654216
9654217
9654218
9654219
9654220
9654221
9654222
9654223
9654224
9654225
9654226
9654227
9654228
9654229
9654230
9654231
9654232
9654233
9654234
9654235
9654236
9654237
9654238
9654239
9654240
9654241
9654242
9654243
9654244
9654245
9654246
9654247
9654248
9654249
9654250
9654251
9654252
9654253
9654254
9654255
9654256
9654257
9654258
9654259
9654260
9654261
9654262
9654263
9654264
9654265
9654266
9654267
9654268
9654269
9654270
9654271
9654272
9654273
9654274
9654275
9654276
9654277
9654278
9654279
9654280
9654281
9654282
9654283
9654284
9654285
9654286
9654287
9654288
9654289
9654290
9654291
9654292
9654293
9654294
9654295
9654296
9654297
9654298
9654299
9654300
9654301
9654302
9654303
9654304
9654305
9654306
9654307
9654308
9654309
9654310
9654311
9654312
9654313
9654314
9654315
9654316
9654317
9654318
9654319
9654320
9654321
9654322
9654323
9654324
9654325
9654326
9654327
9654328
9654329
9654330
9654331
9654332
9654333
9654334
9654335
9654336
9654337
9654338
9654339
9654340
9654341
9654342
9654343
9654344
9654345
9654346
9654347
9654348
9654349
9654350
9654351
9654352
9654353
9654354
9654355
9654356
9654357
9654358
9654359
9654360
9654361
9654362
9654363
9654364
9654365
9654366
9654367
9654368
9654369
9654370
9654371
9654372
9654373
9654374
9654375
9654376
9654377
9654378
9654379
9654380
9654381
9654382
9654383
9654384
9654385
9654386
9654387
9654388
9654389
9654390
9654391
9654392
9654393
9654394
9654395
9654396
9654397
9654398
9654399
9654400
9654401
9654402
9654403
9654404
9654405
9654406
9654407
9654408
9654409
9654410
9654411
9654412
9654413
9654414
9654415
9654416
9654417
9654418
9654419
9654420
9654421
9654422
9654423
9654424
9654425
9654426
9654427
9654428
9654429
9654430
9654431
9654432
9654433
9654434
9654435
9654436
9654437
9654438
9654439
9654440
9654441
9654442
9654443
9654444
9654445
9654446
9654447
9654448
9654449
9654450
9654451
9654452
9654453
9654454
9654455
9654456
9654457
9654458
9654459
9654460
9654461
9654462
9654463
9654464
9654465
9654466
9654467
9654468
9654469
9654470
9654471
9654472
9654473
9654474
9654475
9654476
9654477
9654478
9654479
9654480
9654481
9654482
9654483
9654484
9654485
9654486
9654487
9654488
9654489
9654490
9654491
9654492
9654493
9654494
9654495
9654496
9654497
9654498
9654499
9654500
9654501
9654502
9654503
9654504
9654505
9654506
9654507
9654508
9654509
9654510
9654511
9654512
9654513
9654514
9654515
9654516
9654517
9654518
9654519
9654520
9654521
9654522
9654523
9654524
9654525
9654526
9654527
9654528
9654529
9654530
9654531
9654532
9654533
9654534
9654535
9654536
9654537
9654538
9654539
9654540
9654541
9654542
9654543
9654544
9654545
9654546
9654547
9654548
9654549
9654550
9654551
9654552
9654553
9654554
9654555
9654556
9654557
9654558
9654559
9654560
9654561
9654562
9654563
9654564
9654565
9654566
9654567
9654568
9654569
9654570
9654571
9654572
9654573
9654574
9654575
9654576
9654577
9654578
9654579
9654580
9654581
9654582
9654583
9654584
9654585
9654586
9654587
9654588
9654589
9654590
9654591
9654592
9654593
9654594
9654595
9654596
9654597
9654598
9654599
9654600
9654601
9654602
9654603
9654604
9654605
9654606
9654607
9654608
9654609
9654610
9654611
9654612
9654613
9654614
9654615
9654616
9654617
9654618
9654619
9654620
9654621
9654622
9654623
9654624
9654625
9654626
9654627
9654628
9654629
9654630
9654631
9654632
9654633
9654634
9654635
9654636
9654637
9654638
9654639
9654640
9654641
9654642
9654643
9654644
9654645
9654646
9654647
9654648
9654649
9654650
9654651
9654652
9654653
9654654
9654655
9654656
9654657
9654658
9654659
9654660
9654661
9654662
9654663
9654664
9654665
9654666
9654667
9654668
9654669
9654670
9654671
9654672
9654673
9654674
9654675
9654676
9654677
9654678
9654679
9654680
9654681
9654682
9654683
9654684
9654685
9654686
9654687
9654688
9654689
9654690
9654691
9654692
9654693
9654694
9654695
9654696
9654697
9654698
9654699
9654700
9654701
9654702
9654703
9654704
9654705
9654706
9654707
9654708
9654709
9654710
9654711
9654712
9654713
9654714
9654715
9654716
9654717
9654718
9654719
9654720
9654721
9654722
9654723
9654724
9654725
9654726
9654727
9654728
9654729
9654730
9654731
9654732
9654733
9654734
9654735
9654736
9654737
9654738
9654739
9654740
9654741
9654742
9654743
9654744
9654745
9654746
9654747
9654748
9654749
9654750
9654751
9654752
9654753
9654754
9654755
9654756
9654757
9654758
9654759
9654760
9654761
9654762
9654763
9654764
9654765
9654766
9654767
9654768
9654769
9654770
9654771
9654772
9654773
9654774
9654775
9654776
9654777
9654778
9654779
9654780
9654781
9654782
9654783
9654784
9654785
9654786
9654787
9654788
9654789
9654790
9654791
9654792
9654793
9654794
9654795
9654796
9654797
9654798
9654799
9654800
9654801
9654802
9654803
9654804
9654805
9654806
9654807
9654808
9654809
9654810
9654811
9654812
9654813
9654814
9654815
9654816
9654817
9654818
9654819
9654820
9654821
9654822
9654823
9654824
9654825
9654826
9654827
9654828
9654829
9654830
9654831
9654832
9654833
9654834
9654835
9654836
9654837
9654838
9654839
9654840
9654841
9654842
9654843
9654844
9654845
9654846
9654847
9654848
9654849
9654850
9654851
9654852
9654853
9654854
9654855
9654856
9654857
9654858
9654859
9654860
9654861
9654862
9654863
9654864
9654865
9654866
9654867
9654868
9654869
9654870
9654871
9654872
9654873
9654874
9654875
9654876
9654877
9654878
9654879
9654880
9654881
9654882
9654883
9654884
9654885
9654886
9654887
9654888
9654889
9654890
9654891
9654892
9654893
9654894
9654895
9654896
9654897
9654898
9654899
9654900
9654901
9654902
9654903
9654904
9654905
9654906
9654907
9654908
9654909
9654910
9654911
9654912
9654913
9654914
9654915
9654916
9654917
9654918
9654919
9654920
9654921
9654922
9654923
9654924
9654925
9654926
9654927
9654928
9654929
9654930
9654931
9654932
9654933
9654934
9654935
9654936
9654937
9654938
9654939
9654940
9654941
9654942
9654943
9654944
9654945
9654946
9654947
9654948
9654949
9654950
9654951
9654952
9654953
9654954
9654955
9654956
9654957
9654958
9654959
9654960
9654961
9654962
9654963
9654964
9654965
9654966
9654967
9654968
9654969
9654970
9654971
9654972
9654973
9654974
9654975
9654976
9654977
9654978
9654979
9654980
9654981
9654982
9654983
9654984
9654985
9654986
9654987
9654988
9654989
9654990
9654991
9654992
9654993
9654994
9654995
9654996
9654997
9654998
9654999
9655000
9655001
9655002
9655003
9655004
9655005
9655006
9655007
9655008
9655009
9655010
9655011
9655012
9655013
9655014
9655015
9655016
9655017
9655018
9655019
9655020
9655021
9655022
9655023
9655024
9655025
9655026
9655027
9655028
9655029
9655030
9655031
9655032
9655033
9655034
9655035
9655036
9655037
9655038
9655039
9655040
9655041
9655042
9655043
9655044
9655045
9655046
9655047
9655048
9655049
9655050
9655051
9655052
9655053
9655054
9655055
9655056
9655057
9655058
9655059
9655060
9655061
9655062
9655063
9655064
9655065
9655066
9655067
9655068
9655069
9655070
9655071
9655072
9655073
9655074
9655075
9655076
9655077
9655078
9655079
9655080
9655081
9655082
9655083
9655084
9655085
9655086
9655087
9655088
9655089
9655090
9655091
9655092
9655093
9655094
9655095
9655096
9655097
9655098
9655099
9655100
9655101
9655102
9655103
9655104
9655105
9655106
9655107
9655108
9655109
9655110
9655111
9655112
9655113
9655114
9655115
9655116
9655117
9655118
9655119
9655120
9655121
9655122
9655123
9655124
9655125
9655126
9655127
9655128
9655129
9655130
9655131
9655132
9655133
9655134
9655135
9655136
9655137
9655138
9655139
9655140
9655141
9655142
9655143
9655144
9655145
9655146
9655147
9655148
9655149
9655150
9655151
9655152
9655153
9655154
9655155
9655156
9655157
9655158
9655159
9655160
9655161
9655162
9655163
9655164
9655165
9655166
9655167
9655168
9655169
9655170
9655171
9655172
9655173
9655174
9655175
9655176
9655177
9655178
9655179
9655180
9655181
9655182
9655183
9655184
9655185
9655186
9655187
9655188
9655189
9655190
9655191
9655192
9655193
9655194
9655195
9655196
9655197
9655198
9655199
9655200
9655201
9655202
9655203
9655204
9655205
9655206
9655207
9655208
9655209
9655210
9655211
9655212
9655213
9655214
9655215
9655216
9655217
9655218
9655219
9655220
9655221
9655222
9655223
9655224
9655225
9655226
9655227
9655228
9655229
9655230
9655231
9655232
9655233
9655234
9655235
9655236
9655237
9655238
9655239
9655240
9655241
9655242
9655243
9655244
9655245
9655246
9655247
9655248
9655249
9655250
9655251
9655252
9655253
9655254
9655255
9655256
9655257
9655258
9655259
9655260
9655261
9655262
9655263
9655264
9655265
9655266
9655267
9655268
9655269
9655270
9655271
9655272
9655273
9655274
9655275
9655276
9655277
9655278
9655279
9655280
9655281
9655282
9655283
9655284
9655285
9655286
9655287
9655288
9655289
9655290
9655291
9655292
9655293
9655294
9655295
9655296
9655297
9655298
9655299
9655300
9655301
9655302
9655303
9655304
9655305
9655306
9655307
9655308
9655309
9655310
9655311
9655312
9655313
9655314
9655315
9655316
9655317
9655318
9655319
9655320
9655321
9655322
9655323
9655324
9655325
9655326
9655327
9655328
9655329
9655330
9655331
9655332
9655333
9655334
9655335
9655336
9655337
9655338
9655339
9655340
9655341
9655342
9655343
9655344
9655345
9655346
9655347
9655348
9655349
9655350
9655351
9655352
9655353
9655354
9655355
9655356
9655357
9655358
9655359
9655360
9655361
9655362
9655363
9655364
9655365
9655366
9655367
9655368
9655369
9655370
9655371
9655372
9655373
9655374
9655375
9655376
9655377
9655378
9655379
9655380
9655381
9655382
9655383
9655384
9655385
9655386
9655387
9655388
9655389
9655390
9655391
9655392
9655393
9655394
9655395
9655396
9655397
9655398
9655399
9655400
9655401
9655402
9655403
9655404
9655405
9655406
9655407
9655408
9655409
9655410
9655411
9655412
9655413
9655414
9655415
9655416
9655417
9655418
9655419
9655420
9655421
9655422
9655423
9655424
9655425
9655426
9655427
9655428
9655429
9655430
9655431
9655432
9655433
9655434
9655435
9655436
9655437
9655438
9655439
9655440
9655441
9655442
9655443
9655444
9655445
9655446
9655447
9655448
9655449
9655450
9655451
9655452
9655453
9655454
9655455
9655456
9655457
9655458
9655459
9655460
9655461
9655462
9655463
9655464
9655465
9655466
9655467
9655468
9655469
9655470
9655471
9655472
9655473
9655474
9655475
9655476
9655477
9655478
9655479
9655480
9655481
9655482
9655483
9655484
9655485
9655486
9655487
9655488
9655489
9655490
9655491
9655492
9655493
9655494
9655495
9655496
9655497
9655498
9655499
9655500
9655501
9655502
9655503
9655504
9655505
9655506
9655507
9655508
9655509
9655510
9655511
9655512
9655513
9655514
9655515
9655516
9655517
9655518
9655519
9655520
9655521
9655522
9655523
9655524
9655525
9655526
9655527
9655528
9655529
9655530
9655531
9655532
9655533
9655534
9655535
9655536
9655537
9655538
9655539
9655540
9655541
9655542
9655543
9655544
9655545
9655546
9655547
9655548
9655549
9655550
9655551
9655552
9655553
9655554
9655555
9655556
9655557
9655558
9655559
9655560
9655561
9655562
9655563
9655564
9655565
9655566
9655567
9655568
9655569
9655570
9655571
9655572
9655573
9655574
9655575
9655576
9655577
9655578
9655579
9655580
9655581
9655582
9655583
9655584
9655585
9655586
9655587
9655588
9655589
9655590
9655591
9655592
9655593
9655594
9655595
9655596
9655597
9655598
9655599
9655600
9655601
9655602
9655603
9655604
9655605
9655606
9655607
9655608
9655609
9655610
9655611
9655612
9655613
9655614
9655615
9655616
9655617
9655618
9655619
9655620
9655621
9655622
9655623
9655624
9655625
9655626
9655627
9655628
9655629
9655630
9655631
9655632
9655633
9655634
9655635
9655636
9655637
9655638
9655639
9655640
9655641
9655642
9655643
9655644
9655645
9655646
9655647
9655648
9655649
9655650
9655651
9655652
9655653
9655654
9655655
9655656
9655657
9655658
9655659
9655660
9655661
9655662
9655663
9655664
9655665
9655666
9655667
9655668
9655669
9655670
9655671
9655672
9655673
9655674
9655675
9655676
9655677
9655678
9655679
9655680
9655681
9655682
9655683
9655684
9655685
9655686
9655687
9655688
9655689
9655690
9655691
9655692
9655693
9655694
9655695
9655696
9655697
9655698
9655699
9655700
9655701
9655702
9655703
9655704
9655705
9655706
9655707
9655708
9655709
9655710
9655711
9655712
9655713
9655714
9655715
9655716
9655717
9655718
9655719
9655720
9655721
9655722
9655723
9655724
9655725
9655726
9655727
9655728
9655729
9655730
9655731
9655732
9655733
9655734
9655735
9655736
9655737
9655738
9655739
9655740
9655741
9655742
9655743
9655744
9655745
9655746
9655747
9655748
9655749
9655750
9655751
9655752
9655753
9655754
9655755
9655756
9655757
9655758
9655759
9655760
9655761
9655762
9655763
9655764
9655765
9655766
9655767
9655768
9655769
9655770
9655771
9655772
9655773
9655774
9655775
9655776
9655777
9655778
9655779
9655780
9655781
9655782
9655783
9655784
9655785
9655786
9655787
9655788
9655789
9655790
9655791
9655792
9655793
9655794
9655795
9655796
9655797
9655798
9655799
9655800
9655801
9655802
9655803
9655804
9655805
9655806
9655807
9655808
9655809
9655810
9655811
9655812
9655813
9655814
9655815
9655816
9655817
9655818
9655819
9655820
9655821
9655822
9655823
9655824
9655825
9655826
9655827
9655828
9655829
9655830
9655831
9655832
9655833
9655834
9655835
9655836
9655837
9655838
9655839
9655840
9655841
9655842
9655843
9655844
9655845
9655846
9655847
9655848
9655849
9655850
9655851
9655852
9655853
9655854
9655855
9655856
9655857
9655858
9655859
9655860
9655861
9655862
9655863
9655864
9655865
9655866
9655867
9655868
9655869
9655870
9655871
9655872
9655873
9655874
9655875
9655876
9655877
9655878
9655879
9655880
9655881
9655882
9655883
9655884
9655885
9655886
9655887
9655888
9655889
9655890
9655891
9655892
9655893
9655894
9655895
9655896
9655897
9655898
9655899
9655900
9655901
9655902
9655903
9655904
9655905
9655906
9655907
9655908
9655909
9655910
9655911
9655912
9655913
9655914
9655915
9655916
9655917
9655918
9655919
9655920
9655921
9655922
9655923
9655924
9655925
9655926
9655927
9655928
9655929
9655930
9655931
9655932
9655933
9655934
9655935
9655936
9655937
9655938
9655939
9655940
9655941
9655942
9655943
9655944
9655945
9655946
9655947
9655948
9655949
9655950
9655951
9655952
9655953
9655954
9655955
9655956
9655957
9655958
9655959
9655960
9655961
9655962
9655963
9655964
9655965
9655966
9655967
9655968
9655969
9655970
9655971
9655972
9655973
9655974
9655975
9655976
9655977
9655978
9655979
9655980
9655981
9655982
9655983
9655984
9655985
9655986
9655987
9655988
9655989
9655990
9655991
9655992
9655993
9655994
9655995
9655996
9655997
9655998
9655999
9656000
9656001
9656002
9656003
9656004
9656005
9656006
9656007
9656008
9656009
9656010
9656011
9656012
9656013
9656014
9656015
9656016
9656017
9656018
9656019
9656020
9656021
9656022
9656023
9656024
9656025
9656026
9656027
9656028
9656029
9656030
9656031
9656032
9656033
9656034
9656035
9656036
9656037
9656038
9656039
9656040
9656041
9656042
9656043
9656044
9656045
9656046
9656047
9656048
9656049
9656050
9656051
9656052
9656053
9656054
9656055
9656056
9656057
9656058
9656059
9656060
9656061
9656062
9656063
9656064
9656065
9656066
9656067
9656068
9656069
9656070
9656071
9656072
9656073
9656074
9656075
9656076
9656077
9656078
9656079
9656080
9656081
9656082
9656083
9656084
9656085
9656086
9656087
9656088
9656089
9656090
9656091
9656092
9656093
9656094
9656095
9656096
9656097
9656098
9656099
9656100
9656101
9656102
9656103
9656104
9656105
9656106
9656107
9656108
9656109
9656110
9656111
9656112
9656113
9656114
9656115
9656116
9656117
9656118
9656119
9656120
9656121
9656122
9656123
9656124
9656125
9656126
9656127
9656128
9656129
9656130
9656131
9656132
9656133
9656134
9656135
9656136
9656137
9656138
9656139
9656140
9656141
9656142
9656143
9656144
9656145
9656146
9656147
9656148
9656149
9656150
9656151
9656152
9656153
9656154
9656155
9656156
9656157
9656158
9656159
9656160
9656161
9656162
9656163
9656164
9656165
9656166
9656167
9656168
9656169
9656170
9656171
9656172
9656173
9656174
9656175
9656176
9656177
9656178
9656179
9656180
9656181
9656182
9656183
9656184
9656185
9656186
9656187
9656188
9656189
9656190
9656191
9656192
9656193
9656194
9656195
9656196
9656197
9656198
9656199
9656200
9656201
9656202
9656203
9656204
9656205
9656206
9656207
9656208
9656209
9656210
9656211
9656212
9656213
9656214
9656215
9656216
9656217
9656218
9656219
9656220
9656221
9656222
9656223
9656224
9656225
9656226
9656227
9656228
9656229
9656230
9656231
9656232
9656233
9656234
9656235
9656236
9656237
9656238
9656239
9656240
9656241
9656242
9656243
9656244
9656245
9656246
9656247
9656248
9656249
9656250
9656251
9656252
9656253
9656254
9656255
9656256
9656257
9656258
9656259
9656260
9656261
9656262
9656263
9656264
9656265
9656266
9656267
9656268
9656269
9656270
9656271
9656272
9656273
9656274
9656275
9656276
9656277
9656278
9656279
9656280
9656281
9656282
9656283
9656284
9656285
9656286
9656287
9656288
9656289
9656290
9656291
9656292
9656293
9656294
9656295
9656296
9656297
9656298
9656299
9656300
9656301
9656302
9656303
9656304
9656305
9656306
9656307
9656308
9656309
9656310
9656311
9656312
9656313
9656314
9656315
9656316
9656317
9656318
9656319
9656320
9656321
9656322
9656323
9656324
9656325
9656326
9656327
9656328
9656329
9656330
9656331
9656332
9656333
9656334
9656335
9656336
9656337
9656338
9656339
9656340
9656341
9656342
9656343
9656344
9656345
9656346
9656347
9656348
9656349
9656350
9656351
9656352
9656353
9656354
9656355
9656356
9656357
9656358
9656359
9656360
9656361
9656362
9656363
9656364
9656365
9656366
9656367
9656368
9656369
9656370
9656371
9656372
9656373
9656374
9656375
9656376
9656377
9656378
9656379
9656380
9656381
9656382
9656383
9656384
9656385
9656386
9656387
9656388
9656389
9656390
9656391
9656392
9656393
9656394
9656395
9656396
9656397
9656398
9656399
9656400
9656401
9656402
9656403
9656404
9656405
9656406
9656407
9656408
9656409
9656410
9656411
9656412
9656413
9656414
9656415
9656416
9656417
9656418
9656419
9656420
9656421
9656422
9656423
9656424
9656425
9656426
9656427
9656428
9656429
9656430
9656431
9656432
9656433
9656434
9656435
9656436
9656437
9656438
9656439
9656440
9656441
9656442
9656443
9656444
9656445
9656446
9656447
9656448
9656449
9656450
9656451
9656452
9656453
9656454
9656455
9656456
9656457
9656458
9656459
9656460
9656461
9656462
9656463
9656464
9656465
9656466
9656467
9656468
9656469
9656470
9656471
9656472
9656473
9656474
9656475
9656476
9656477
9656478
9656479
9656480
9656481
9656482
9656483
9656484
9656485
9656486
9656487
9656488
9656489
9656490
9656491
9656492
9656493
9656494
9656495
9656496
9656497
9656498
9656499
9656500
9656501
9656502
9656503
9656504
9656505
9656506
9656507
9656508
9656509
9656510
9656511
9656512
9656513
9656514
9656515
9656516
9656517
9656518
9656519
9656520
9656521
9656522
9656523
9656524
9656525
9656526
9656527
9656528
9656529
9656530
9656531
9656532
9656533
9656534
9656535
9656536
9656537
9656538
9656539
9656540
9656541
9656542
9656543
9656544
9656545
9656546
9656547
9656548
9656549
9656550
9656551
9656552
9656553
9656554
9656555
9656556
9656557
9656558
9656559
9656560
9656561
9656562
9656563
9656564
9656565
9656566
9656567
9656568
9656569
9656570
9656571
9656572
9656573
9656574
9656575
9656576
9656577
9656578
9656579
9656580
9656581
9656582
9656583
9656584
9656585
9656586
9656587
9656588
9656589
9656590
9656591
9656592
9656593
9656594
9656595
9656596
9656597
9656598
9656599
9656600
9656601
9656602
9656603
9656604
9656605
9656606
9656607
9656608
9656609
9656610
9656611
9656612
9656613
9656614
9656615
9656616
9656617
9656618
9656619
9656620
9656621
9656622
9656623
9656624
9656625
9656626
9656627
9656628
9656629
9656630
9656631
9656632
9656633
9656634
9656635
9656636
9656637
9656638
9656639
9656640
9656641
9656642
9656643
9656644
9656645
9656646
9656647
9656648
9656649
9656650
9656651
9656652
9656653
9656654
9656655
9656656
9656657
9656658
9656659
9656660
9656661
9656662
9656663
9656664
9656665
9656666
9656667
9656668
9656669
9656670
9656671
9656672
9656673
9656674
9656675
9656676
9656677
9656678
9656679
9656680
9656681
9656682
9656683
9656684
9656685
9656686
9656687
9656688
9656689
9656690
9656691
9656692
9656693
9656694
9656695
9656696
9656697
9656698
9656699
9656700
9656701
9656702
9656703
9656704
9656705
9656706
9656707
9656708
9656709
9656710
9656711
9656712
9656713
9656714
9656715
9656716
9656717
9656718
9656719
9656720
9656721
9656722
9656723
9656724
9656725
9656726
9656727
9656728
9656729
9656730
9656731
9656732
9656733
9656734
9656735
9656736
9656737
9656738
9656739
9656740
9656741
9656742
9656743
9656744
9656745
9656746
9656747
9656748
9656749
9656750
9656751
9656752
9656753
9656754
9656755
9656756
9656757
9656758
9656759
9656760
9656761
9656762
9656763
9656764
9656765
9656766
9656767
9656768
9656769
9656770
9656771
9656772
9656773
9656774
9656775
9656776
9656777
9656778
9656779
9656780
9656781
9656782
9656783
9656784
9656785
9656786
9656787
9656788
9656789
9656790
9656791
9656792
9656793
9656794
9656795
9656796
9656797
9656798
9656799
9656800
9656801
9656802
9656803
9656804
9656805
9656806
9656807
9656808
9656809
9656810
9656811
9656812
9656813
9656814
9656815
9656816
9656817
9656818
9656819
9656820
9656821
9656822
9656823
9656824
9656825
9656826
9656827
9656828
9656829
9656830
9656831
9656832
9656833
9656834
9656835
9656836
9656837
9656838
9656839
9656840
9656841
9656842
9656843
9656844
9656845
9656846
9656847
9656848
9656849
9656850
9656851
9656852
9656853
9656854
9656855
9656856
9656857
9656858
9656859
9656860
9656861
9656862
9656863
9656864
9656865
9656866
9656867
9656868
9656869
9656870
9656871
9656872
9656873
9656874
9656875
9656876
9656877
9656878
9656879
9656880
9656881
9656882
9656883
9656884
9656885
9656886
9656887
9656888
9656889
9656890
9656891
9656892
9656893
9656894
9656895
9656896
9656897
9656898
9656899
9656900
9656901
9656902
9656903
9656904
9656905
9656906
9656907
9656908
9656909
9656910
9656911
9656912
9656913
9656914
9656915
9656916
9656917
9656918
9656919
9656920
9656921
9656922
9656923
9656924
9656925
9656926
9656927
9656928
9656929
9656930
9656931
9656932
9656933
9656934
9656935
9656936
9656937
9656938
9656939
9656940
9656941
9656942
9656943
9656944
9656945
9656946
9656947
9656948
9656949
9656950
9656951
9656952
9656953
9656954
9656955
9656956
9656957
9656958
9656959
9656960
9656961
9656962
9656963
9656964
9656965
9656966
9656967
9656968
9656969
9656970
9656971
9656972
9656973
9656974
9656975
9656976
9656977
9656978
9656979
9656980
9656981
9656982
9656983
9656984
9656985
9656986
9656987
9656988
9656989
9656990
9656991
9656992
9656993
9656994
9656995
9656996
9656997
9656998
9656999
9657000
9657001
9657002
9657003
9657004
9657005
9657006
9657007
9657008
9657009
9657010
9657011
9657012
9657013
9657014
9657015
9657016
9657017
9657018
9657019
9657020
9657021
9657022
9657023
9657024
9657025
9657026
9657027
9657028
9657029
9657030
9657031
9657032
9657033
9657034
9657035
9657036
9657037
9657038
9657039
9657040
9657041
9657042
9657043
9657044
9657045
9657046
9657047
9657048
9657049
9657050
9657051
9657052
9657053
9657054
9657055
9657056
9657057
9657058
9657059
9657060
9657061
9657062
9657063
9657064
9657065
9657066
9657067
9657068
9657069
9657070
9657071
9657072
9657073
9657074
9657075
9657076
9657077
9657078
9657079
9657080
9657081
9657082
9657083
9657084
9657085
9657086
9657087
9657088
9657089
9657090
9657091
9657092
9657093
9657094
9657095
9657096
9657097
9657098
9657099
9657100
9657101
9657102
9657103
9657104
9657105
9657106
9657107
9657108
9657109
9657110
9657111
9657112
9657113
9657114
9657115
9657116
9657117
9657118
9657119
9657120
9657121
9657122
9657123
9657124
9657125
9657126
9657127
9657128
9657129
9657130
9657131
9657132
9657133
9657134
9657135
9657136
9657137
9657138
9657139
9657140
9657141
9657142
9657143
9657144
9657145
9657146
9657147
9657148
9657149
9657150
9657151
9657152
9657153
9657154
9657155
9657156
9657157
9657158
9657159
9657160
9657161
9657162
9657163
9657164
9657165
9657166
9657167
9657168
9657169
9657170
9657171
9657172
9657173
9657174
9657175
9657176
9657177
9657178
9657179
9657180
9657181
9657182
9657183
9657184
9657185
9657186
9657187
9657188
9657189
9657190
9657191
9657192
9657193
9657194
9657195
9657196
9657197
9657198
9657199
9657200
9657201
9657202
9657203
9657204
9657205
9657206
9657207
9657208
9657209
9657210
9657211
9657212
9657213
9657214
9657215
9657216
9657217
9657218
9657219
9657220
9657221
9657222
9657223
9657224
9657225
9657226
9657227
9657228
9657229
9657230
9657231
9657232
9657233
9657234
9657235
9657236
9657237
9657238
9657239
9657240
9657241
9657242
9657243
9657244
9657245
9657246
9657247
9657248
9657249
9657250
9657251
9657252
9657253
9657254
9657255
9657256
9657257
9657258
9657259
9657260
9657261
9657262
9657263
9657264
9657265
9657266
9657267
9657268
9657269
9657270
9657271
9657272
9657273
9657274
9657275
9657276
9657277
9657278
9657279
9657280
9657281
9657282
9657283
9657284
9657285
9657286
9657287
9657288
9657289
9657290
9657291
9657292
9657293
9657294
9657295
9657296
9657297
9657298
9657299
9657300
9657301
9657302
9657303
9657304
9657305
9657306
9657307
9657308
9657309
9657310
9657311
9657312
9657313
9657314
9657315
9657316
9657317
9657318
9657319
9657320
9657321
9657322
9657323
9657324
9657325
9657326
9657327
9657328
9657329
9657330
9657331
9657332
9657333
9657334
9657335
9657336
9657337
9657338
9657339
9657340
9657341
9657342
9657343
9657344
9657345
9657346
9657347
9657348
9657349
9657350
9657351
9657352
9657353
9657354
9657355
9657356
9657357
9657358
9657359
9657360
9657361
9657362
9657363
9657364
9657365
9657366
9657367
9657368
9657369
9657370
9657371
9657372
9657373
9657374
9657375
9657376
9657377
9657378
9657379
9657380
9657381
9657382
9657383
9657384
9657385
9657386
9657387
9657388
9657389
9657390
9657391
9657392
9657393
9657394
9657395
9657396
9657397
9657398
9657399
9657400
9657401
9657402
9657403
9657404
9657405
9657406
9657407
9657408
9657409
9657410
9657411
9657412
9657413
9657414
9657415
9657416
9657417
9657418
9657419
9657420
9657421
9657422
9657423
9657424
9657425
9657426
9657427
9657428
9657429
9657430
9657431
9657432
9657433
9657434
9657435
9657436
9657437
9657438
9657439
9657440
9657441
9657442
9657443
9657444
9657445
9657446
9657447
9657448
9657449
9657450
9657451
9657452
9657453
9657454
9657455
9657456
9657457
9657458
9657459
9657460
9657461
9657462
9657463
9657464
9657465
9657466
9657467
9657468
9657469
9657470
9657471
9657472
9657473
9657474
9657475
9657476
9657477
9657478
9657479
9657480
9657481
9657482
9657483
9657484
9657485
9657486
9657487
9657488
9657489
9657490
9657491
9657492
9657493
9657494
9657495
9657496
9657497
9657498
9657499
9657500
9657501
9657502
9657503
9657504
9657505
9657506
9657507
9657508
9657509
9657510
9657511
9657512
9657513
9657514
9657515
9657516
9657517
9657518
9657519
9657520
9657521
9657522
9657523
9657524
9657525
9657526
9657527
9657528
9657529
9657530
9657531
9657532
9657533
9657534
9657535
9657536
9657537
9657538
9657539
9657540
9657541
9657542
9657543
9657544
9657545
9657546
9657547
9657548
9657549
9657550
9657551
9657552
9657553
9657554
9657555
9657556
9657557
9657558
9657559
9657560
9657561
9657562
9657563
9657564
9657565
9657566
9657567
9657568
9657569
9657570
9657571
9657572
9657573
9657574
9657575
9657576
9657577
9657578
9657579
9657580
9657581
9657582
9657583
9657584
9657585
9657586
9657587
9657588
9657589
9657590
9657591
9657592
9657593
9657594
9657595
9657596
9657597
9657598
9657599
9657600
9657601
9657602
9657603
9657604
9657605
9657606
9657607
9657608
9657609
9657610
9657611
9657612
9657613
9657614
9657615
9657616
9657617
9657618
9657619
9657620
9657621
9657622
9657623
9657624
9657625
9657626
9657627
9657628
9657629
9657630
9657631
9657632
9657633
9657634
9657635
9657636
9657637
9657638
9657639
9657640
9657641
9657642
9657643
9657644
9657645
9657646
9657647
9657648
9657649
9657650
9657651
9657652
9657653
9657654
9657655
9657656
9657657
9657658
9657659
9657660
9657661
9657662
9657663
9657664
9657665
9657666
9657667
9657668
9657669
9657670
9657671
9657672
9657673
9657674
9657675
9657676
9657677
9657678
9657679
9657680
9657681
9657682
9657683
9657684
9657685
9657686
9657687
9657688
9657689
9657690
9657691
9657692
9657693
9657694
9657695
9657696
9657697
9657698
9657699
9657700
9657701
9657702
9657703
9657704
9657705
9657706
9657707
9657708
9657709
9657710
9657711
9657712
9657713
9657714
9657715
9657716
9657717
9657718
9657719
9657720
9657721
9657722
9657723
9657724
9657725
9657726
9657727
9657728
9657729
9657730
9657731
9657732
9657733
9657734
9657735
9657736
9657737
9657738
9657739
9657740
9657741
9657742
9657743
9657744
9657745
9657746
9657747
9657748
9657749
9657750
9657751
9657752
9657753
9657754
9657755
9657756
9657757
9657758
9657759
9657760
9657761
9657762
9657763
9657764
9657765
9657766
9657767
9657768
9657769
9657770
9657771
9657772
9657773
9657774
9657775
9657776
9657777
9657778
9657779
9657780
9657781
9657782
9657783
9657784
9657785
9657786
9657787
9657788
9657789
9657790
9657791
9657792
9657793
9657794
9657795
9657796
9657797
9657798
9657799
9657800
9657801
9657802
9657803
9657804
9657805
9657806
9657807
9657808
9657809
9657810
9657811
9657812
9657813
9657814
9657815
9657816
9657817
9657818
9657819
9657820
9657821
9657822
9657823
9657824
9657825
9657826
9657827
9657828
9657829
9657830
9657831
9657832
9657833
9657834
9657835
9657836
9657837
9657838
9657839
9657840
9657841
9657842
9657843
9657844
9657845
9657846
9657847
9657848
9657849
9657850
9657851
9657852
9657853
9657854
9657855
9657856
9657857
9657858
9657859
9657860
9657861
9657862
9657863
9657864
9657865
9657866
9657867
9657868
9657869
9657870
9657871
9657872
9657873
9657874
9657875
9657876
9657877
9657878
9657879
9657880
9657881
9657882
9657883
9657884
9657885
9657886
9657887
9657888
9657889
9657890
9657891
9657892
9657893
9657894
9657895
9657896
9657897
9657898
9657899
9657900
9657901
9657902
9657903
9657904
9657905
9657906
9657907
9657908
9657909
9657910
9657911
9657912
9657913
9657914
9657915
9657916
9657917
9657918
9657919
9657920
9657921
9657922
9657923
9657924
9657925
9657926
9657927
9657928
9657929
9657930
9657931
9657932
9657933
9657934
9657935
9657936
9657937
9657938
9657939
9657940
9657941
9657942
9657943
9657944
9657945
9657946
9657947
9657948
9657949
9657950
9657951
9657952
9657953
9657954
9657955
9657956
9657957
9657958
9657959
9657960
9657961
9657962
9657963
9657964
9657965
9657966
9657967
9657968
9657969
9657970
9657971
9657972
9657973
9657974
9657975
9657976
9657977
9657978
9657979
9657980
9657981
9657982
9657983
9657984
9657985
9657986
9657987
9657988
9657989
9657990
9657991
9657992
9657993
9657994
9657995
9657996
9657997
9657998
9657999
9658000
9658001
9658002
9658003
9658004
9658005
9658006
9658007
9658008
9658009
9658010
9658011
9658012
9658013
9658014
9658015
9658016
9658017
9658018
9658019
9658020
9658021
9658022
9658023
9658024
9658025
9658026
9658027
9658028
9658029
9658030
9658031
9658032
9658033
9658034
9658035
9658036
9658037
9658038
9658039
9658040
9658041
9658042
9658043
9658044
9658045
9658046
9658047
9658048
9658049
9658050
9658051
9658052
9658053
9658054
9658055
9658056
9658057
